<?xml version="1.0" encoding="UTF-8"?>
<!-- Generated by org.testng.reporters.JUnitXMLReporter -->
<testsuite hostname="wsc-042" name="Test1" tests="15" failures="4" timestamp="24 Jan 2017 07:10:17 GMT" time="0.032" errors="0">
  <testcase name="checkNegativeFloatSetMemory" time="0.0" classname="com.MemoryRelatedTests.SetAndGetMemoTest"/>
  <testcase name="checkNegativeIntegerSetMemory" time="0.001" classname="com.MemoryRelatedTests.SetAndGetMemoTest"/>
  <testcase name="checkPositiveIntegerSetMemory" time="0.001" classname="com.MemoryRelatedTests.SetAndGetMemoTest"/>
  <testcase name="checkZeroSetMemory" time="0.001" classname="com.MemoryRelatedTests.SetAndGetMemoTest"/>
  <testcase name="checkDefaultStateMemory" time="0.001" classname="com.MemoryRelatedTests.ClearingMemory"/>
  <testcase name="checkDoubleClearing" time="0.0" classname="com.MemoryRelatedTests.ClearingMemory"/>
  <testcase name="checkVaueAfterClearing" time="0.001" classname="com.MemoryRelatedTests.ClearingMemory"/>
  <testcase name="checkAddOnePositiveValues" time="0.002" classname="com.MemoryRelatedTests.AdditionToMemory"/>
  <testcase name="checkAddPositiveValue" time="0.003" classname="com.MemoryRelatedTests.AdditionToMemory"/>
  <testcase name="checkAddingNegativeValue" time="0.001" classname="com.MemoryRelatedTests.AdditionToMemory"/>
  <testcase name="checkAddingZero" time="0.0" classname="com.MemoryRelatedTests.AdditionToMemory"/>
  <testcase name="checkAddingNegativeValue" time="0.001" classname="com.MemoryRelatedTests.SubtractionFromMemory">
    <failure type="java.lang.AssertionError" message="Subtracting negative value from subtracted positive value result is wrong! expected [-4.0] but found [-8.0]">
      <![CDATA[java.lang.AssertionError: Subtracting negative value from subtracted positive value result is wrong! expected [-4.0] but found [-8.0]
	at com.MemoryRelatedTests.SubtractionFromMemory.checkAddingNegativeValue(SubtractionFromMemory.java:74)
... Removed 28 stack frames]]>
    </failure>
  </testcase> <!-- checkAddingNegativeValue -->
  <testcase name="checkAddingZero" time="0.001" classname="com.MemoryRelatedTests.SubtractionFromMemory">
    <failure type="java.lang.AssertionError" message="Subtracting zero result is wrong! expected [0.0] but found [-8.0]">
      <![CDATA[java.lang.AssertionError: Subtracting zero result is wrong! expected [0.0] but found [-8.0]
	at com.MemoryRelatedTests.SubtractionFromMemory.checkAddingZero(SubtractionFromMemory.java:60)
... Removed 28 stack frames]]>
    </failure>
  </testcase> <!-- checkAddingZero -->
  <testcase name="checkSubtractNegativeValue" time="0.001" classname="com.MemoryRelatedTests.SubtractionFromMemory">
    <failure type="java.lang.AssertionError" message="Subtract negative value result is wrong! expected [5.0] but found [2.0]">
      <![CDATA[java.lang.AssertionError: Subtract negative value result is wrong! expected [5.0] but found [2.0]
	at com.MemoryRelatedTests.SubtractionFromMemory.checkSubtractNegativeValue(SubtractionFromMemory.java:45)
... Removed 28 stack frames]]>
    </failure>
  </testcase> <!-- checkSubtractNegativeValue -->
  <testcase name="subtractFromDefautValue" time="0.0" classname="com.MemoryRelatedTests.SubtractionFromMemory">
    <failure type="java.lang.AssertionError" message="Sutracting from default value result is wrong! expected [5.0] but found [-8.0]">
      <![CDATA[java.lang.AssertionError: Sutracting from default value result is wrong! expected [5.0] but found [-8.0]
	at com.MemoryRelatedTests.SubtractionFromMemory.subtractFromDefautValue(SubtractionFromMemory.java:33)
... Removed 28 stack frames]]>
    </failure>
  </testcase> <!-- subtractFromDefautValue -->
</testsuite> <!-- Test1 -->
